<?xml version="1.0" encoding="UTF-8"?>
<testsuite name="edu.eci.arsw.msgbroker.WebsocketsMsbrokerExampleApplicationTests" time="0.041" tests="1" errors="1" skipped="0" failures="0">
  <properties>
[...]
</properties>
  <testcase name="initializationError" classname="edu.eci.arsw.msgbroker.WebsocketsMsbrokerExampleApplicationTests" time="0.041">
    <error message="Unable to find a @SpringBootConfiguration, you need to use @ContextConfiguration or @SpringBootTest(classes=...) with your test" type="java.lang.IllegalStateException"><![CDATA[java.lang.IllegalStateException: Unable to find a @SpringBootConfiguration, you need to use @ContextConfiguration or @SpringBootTest(classes=...) with your test
	at org.springframework.util.Assert.state(Assert.java:392)
	at org.springframework.boot.test.context.SpringBootTestContextBootstrapper.getOrFindConfigurationClasses(SpringBootTestContextBootstrapper.java:173)
	at org.springframework.boot.test.context.SpringBootTestContextBootstrapper.processMergedContextConfiguration(SpringBootTestContextBootstrapper.java:133)
	at org.springframework.test.context.support.AbstractTestContextBootstrapper.buildMergedContextConfiguration(AbstractTestContextBootstrapper.java:409)
	at org.springframework.test.context.support.AbstractTestContextBootstrapper.buildDefaultMergedContextConfiguration(AbstractTestContextBootstrapper.java:323)
	at org.springframework.test.context.support.AbstractTestContextBootstrapper.buildMergedContextConfiguration(AbstractTestContextBootstrapper.java:277)
	at org.springframework.test.context.support.AbstractTestContextBootstrapper.buildTestContext(AbstractTestContextBootstrapper.java:112)
	at org.springframework.boot.test.context.SpringBootTestContextBootstrapper.buildTestContext(SpringBootTestContextBootstrapper.java:78)
	at org.springframework.test.context.TestContextManager.<init>(TestContextManager.java:120)
	at org.springframework.test.context.TestContextManager.<init>(TestContextManager.java:105)
	at org.springframework.test.context.junit4.SpringJUnit4ClassRunner.createTestContextManager(SpringJUnit4ClassRunner.java:152)
	at org.springframework.test.context.junit4.SpringJUnit4ClassRunner.<init>(SpringJUnit4ClassRunner.java:143)
	at org.springframework.test.context.junit4.SpringRunner.<init>(SpringRunner.java:49)
	at sun.reflect.NativeConstructorAccessorImpl.newInstance0(Native Method)
	at sun.reflect.NativeConstructorAccessorImpl.newInstance(NativeConstructorAccessorImpl.java:62)
	at sun.reflect.DelegatingConstructorAccessorImpl.newInstance(DelegatingConstructorAccessorImpl.java:45)
	at java.lang.reflect.Constructor.newInstance(Constructor.java:423)
	at org.junit.internal.builders.AnnotatedBuilder.buildRunner(AnnotatedBuilder.java:104)
	at org.junit.internal.builders.AnnotatedBuilder.runnerForClass(AnnotatedBuilder.java:86)
	at org.junit.runners.model.RunnerBuilder.safeRunnerForClass(RunnerBuilder.java:59)
	at org.junit.internal.builders.AllDefaultPossibilitiesBuilder.runnerForClass(AllDefaultPossibilitiesBuilder.java:26)
	at org.junit.runners.model.RunnerBuilder.safeRunnerForClass(RunnerBuilder.java:59)
	at org.junit.internal.requests.ClassRequest.getRunner(ClassRequest.java:33)
	at org.apache.maven.surefire.junit4.JUnit4Provider.execute(JUnit4Provider.java:283)
	at org.apache.maven.surefire.junit4.JUnit4Provider.executeWithRerun(JUnit4Provider.java:173)
	at org.apache.maven.surefire.junit4.JUnit4Provider.executeTestSet(JUnit4Provider.java:153)
	at org.apache.maven.surefire.junit4.JUnit4Provider.invoke(JUnit4Provider.java:128)
	at org.apache.maven.surefire.booter.ForkedBooter.invokeProviderInSameClassLoader(ForkedBooter.java:203)
	at org.apache.maven.surefire.booter.ForkedBooter.runSuitesInProcess(ForkedBooter.java:155)
	at org.apache.maven.surefire.booter.ForkedBooter.main(ForkedBooter.java:103)
]]></error>
    <system-out><![CDATA[22:17:18.806 [main] DEBUG org.springframework.test.context.junit4.SpringJUnit4ClassRunner - SpringJUnit4ClassRunner constructor called with [class edu.eci.arsw.msgbroker.WebsocketsMsbrokerExampleApplicationTests]
22:17:18.826 [main] DEBUG org.springframework.test.context.BootstrapUtils - Instantiating CacheAwareContextLoaderDelegate from class [org.springframework.test.context.cache.DefaultCacheAwareContextLoaderDelegate]
22:17:18.882 [main] DEBUG org.springframework.test.context.BootstrapUtils - Instantiating BootstrapContext using constructor [public org.springframework.test.context.support.DefaultBootstrapContext(java.lang.Class,org.springframework.test.context.CacheAwareContextLoaderDelegate)]
22:17:18.938 [main] DEBUG org.springframework.test.context.BootstrapUtils - Instantiating TestContextBootstrapper for test class [edu.eci.arsw.msgbroker.WebsocketsMsbrokerExampleApplicationTests] from class [org.springframework.boot.test.context.SpringBootTestContextBootstrapper]
22:17:19.017 [main] INFO org.springframework.boot.test.context.SpringBootTestContextBootstrapper - Neither @ContextConfiguration nor @ContextHierarchy found for test class [edu.eci.arsw.msgbroker.WebsocketsMsbrokerExampleApplicationTests], using SpringBootContextLoader
22:17:19.025 [main] DEBUG org.springframework.test.context.support.AbstractContextLoader - Did not detect default resource location for test class [edu.eci.arsw.msgbroker.WebsocketsMsbrokerExampleApplicationTests]: class path resource [edu/eci/arsw/msgbroker/WebsocketsMsbrokerExampleApplicationTests-context.xml] does not exist
22:17:19.026 [main] DEBUG org.springframework.test.context.support.AbstractContextLoader - Did not detect default resource location for test class [edu.eci.arsw.msgbroker.WebsocketsMsbrokerExampleApplicationTests]: class path resource [edu/eci/arsw/msgbroker/WebsocketsMsbrokerExampleApplicationTestsContext.groovy] does not exist
22:17:19.027 [main] INFO org.springframework.test.context.support.AbstractContextLoader - Could not detect default resource locations for test class [edu.eci.arsw.msgbroker.WebsocketsMsbrokerExampleApplicationTests]: no resource found for suffixes {-context.xml, Context.groovy}.
22:17:19.060 [main] INFO org.springframework.test.context.support.AnnotationConfigContextLoaderUtils - Could not detect default configuration classes for test class [edu.eci.arsw.msgbroker.WebsocketsMsbrokerExampleApplicationTests]: WebsocketsMsbrokerExampleApplicationTests does not declare any static, non-private, non-final, nested classes annotated with @Configuration.
22:17:19.304 [main] DEBUG org.springframework.test.context.support.ActiveProfilesUtils - Could not find an 'annotation declaring class' for annotation type [org.springframework.test.context.ActiveProfiles] and class [edu.eci.arsw.msgbroker.WebsocketsMsbrokerExampleApplicationTests]
22:17:19.458 [main] DEBUG org.springframework.core.env.StandardEnvironment - Adding [systemProperties] PropertySource with lowest search precedence
22:17:19.458 [main] DEBUG org.springframework.core.env.StandardEnvironment - Adding [systemEnvironment] PropertySource with lowest search precedence
22:17:19.459 [main] DEBUG org.springframework.core.env.StandardEnvironment - Initialized StandardEnvironment with PropertySources [systemProperties,systemEnvironment]
22:17:19.516 [main] DEBUG org.springframework.core.io.support.PathMatchingResourcePatternResolver - Resolved classpath location [edu/eci/arsw/msgbroker/] to resources [URL [file:/C:/Users/jfmor/Desktop/semestre%207/ARSW/lab09/Lab09/target/test-classes/edu/eci/arsw/msgbroker/]]
22:17:19.517 [main] DEBUG org.springframework.core.io.support.PathMatchingResourcePatternResolver - Looking for matching resources in directory tree [C:\Users\jfmor\Desktop\semestre 7\ARSW\lab09\Lab09\target\test-classes\edu\eci\arsw\msgbroker]
22:17:19.517 [main] DEBUG org.springframework.core.io.support.PathMatchingResourcePatternResolver - Searching directory [C:\Users\jfmor\Desktop\semestre 7\ARSW\lab09\Lab09\target\test-classes\edu\eci\arsw\msgbroker] for files matching pattern [C:/Users/jfmor/Desktop/semestre 7/ARSW/lab09/Lab09/target/test-classes/edu/eci/arsw/msgbroker/*.class]
22:17:19.551 [main] DEBUG org.springframework.core.io.support.PathMatchingResourcePatternResolver - Resolved location pattern [classpath*:edu/eci/arsw/msgbroker/*.class] to resources [file [C:\Users\jfmor\Desktop\semestre 7\ARSW\lab09\Lab09\target\test-classes\edu\eci\arsw\msgbroker\WebsocketsMsbrokerExampleApplicationTests.class]]
22:17:19.589 [main] DEBUG org.springframework.core.io.support.PathMatchingResourcePatternResolver - Resolved classpath location [edu/eci/arsw/] to resources [URL [file:/C:/Users/jfmor/Desktop/semestre%207/ARSW/lab09/Lab09/target/test-classes/edu/eci/arsw/], URL [file:/C:/Users/jfmor/Desktop/semestre%207/ARSW/lab09/Lab09/target/classes/edu/eci/arsw/]]
22:17:19.589 [main] DEBUG org.springframework.core.io.support.PathMatchingResourcePatternResolver - Looking for matching resources in directory tree [C:\Users\jfmor\Desktop\semestre 7\ARSW\lab09\Lab09\target\test-classes\edu\eci\arsw]
22:17:19.590 [main] DEBUG org.springframework.core.io.support.PathMatchingResourcePatternResolver - Searching directory [C:\Users\jfmor\Desktop\semestre 7\ARSW\lab09\Lab09\target\test-classes\edu\eci\arsw] for files matching pattern [C:/Users/jfmor/Desktop/semestre 7/ARSW/lab09/Lab09/target/test-classes/edu/eci/arsw/*.class]
22:17:19.591 [main] DEBUG org.springframework.core.io.support.PathMatchingResourcePatternResolver - Looking for matching resources in directory tree [C:\Users\jfmor\Desktop\semestre 7\ARSW\lab09\Lab09\target\classes\edu\eci\arsw]
22:17:19.592 [main] DEBUG org.springframework.core.io.support.PathMatchingResourcePatternResolver - Searching directory [C:\Users\jfmor\Desktop\semestre 7\ARSW\lab09\Lab09\target\classes\edu\eci\arsw] for files matching pattern [C:/Users/jfmor/Desktop/semestre 7/ARSW/lab09/Lab09/target/classes/edu/eci/arsw/*.class]
22:17:19.593 [main] DEBUG org.springframework.core.io.support.PathMatchingResourcePatternResolver - Resolved location pattern [classpath*:edu/eci/arsw/*.class] to resources []
22:17:19.594 [main] DEBUG org.springframework.core.io.support.PathMatchingResourcePatternResolver - Resolved classpath location [edu/eci/] to resources [URL [file:/C:/Users/jfmor/Desktop/semestre%207/ARSW/lab09/Lab09/target/test-classes/edu/eci/], URL [file:/C:/Users/jfmor/Desktop/semestre%207/ARSW/lab09/Lab09/target/classes/edu/eci/]]
22:17:19.595 [main] DEBUG org.springframework.core.io.support.PathMatchingResourcePatternResolver - Looking for matching resources in directory tree [C:\Users\jfmor\Desktop\semestre 7\ARSW\lab09\Lab09\target\test-classes\edu\eci]
22:17:19.595 [main] DEBUG org.springframework.core.io.support.PathMatchingResourcePatternResolver - Searching directory [C:\Users\jfmor\Desktop\semestre 7\ARSW\lab09\Lab09\target\test-classes\edu\eci] for files matching pattern [C:/Users/jfmor/Desktop/semestre 7/ARSW/lab09/Lab09/target/test-classes/edu/eci/*.class]
22:17:19.596 [main] DEBUG org.springframework.core.io.support.PathMatchingResourcePatternResolver - Looking for matching resources in directory tree [C:\Users\jfmor\Desktop\semestre 7\ARSW\lab09\Lab09\target\classes\edu\eci]
22:17:19.597 [main] DEBUG org.springframework.core.io.support.PathMatchingResourcePatternResolver - Searching directory [C:\Users\jfmor\Desktop\semestre 7\ARSW\lab09\Lab09\target\classes\edu\eci] for files matching pattern [C:/Users/jfmor/Desktop/semestre 7/ARSW/lab09/Lab09/target/classes/edu/eci/*.class]
22:17:19.598 [main] DEBUG org.springframework.core.io.support.PathMatchingResourcePatternResolver - Resolved location pattern [classpath*:edu/eci/*.class] to resources []
22:17:19.599 [main] DEBUG org.springframework.core.io.support.PathMatchingResourcePatternResolver - Resolved classpath location [edu/] to resources [URL [file:/C:/Users/jfmor/Desktop/semestre%207/ARSW/lab09/Lab09/target/test-classes/edu/], URL [file:/C:/Users/jfmor/Desktop/semestre%207/ARSW/lab09/Lab09/target/classes/edu/]]
22:17:19.600 [main] DEBUG org.springframework.core.io.support.PathMatchingResourcePatternResolver - Looking for matching resources in directory tree [C:\Users\jfmor\Desktop\semestre 7\ARSW\lab09\Lab09\target\test-classes\edu]
22:17:19.600 [main] DEBUG org.springframework.core.io.support.PathMatchingResourcePatternResolver - Searching directory [C:\Users\jfmor\Desktop\semestre 7\ARSW\lab09\Lab09\target\test-classes\edu] for files matching pattern [C:/Users/jfmor/Desktop/semestre 7/ARSW/lab09/Lab09/target/test-classes/edu/*.class]
22:17:19.602 [main] DEBUG org.springframework.core.io.support.PathMatchingResourcePatternResolver - Looking for matching resources in directory tree [C:\Users\jfmor\Desktop\semestre 7\ARSW\lab09\Lab09\target\classes\edu]
22:17:19.602 [main] DEBUG org.springframework.core.io.support.PathMatchingResourcePatternResolver - Searching directory [C:\Users\jfmor\Desktop\semestre 7\ARSW\lab09\Lab09\target\classes\edu] for files matching pattern [C:/Users/jfmor/Desktop/semestre 7/ARSW/lab09/Lab09/target/classes/edu/*.class]
22:17:19.603 [main] DEBUG org.springframework.core.io.support.PathMatchingResourcePatternResolver - Resolved location pattern [classpath*:edu/*.class] to resources []
22:17:19.638 [main] DEBUG org.springframework.test.context.junit4.SpringJUnit4ClassRunner - SpringJUnit4ClassRunner constructor called with [class edu.eci.arsw.msgbroker.WebsocketsMsbrokerExampleApplicationTests]
22:17:19.639 [main] DEBUG org.springframework.test.context.BootstrapUtils - Instantiating CacheAwareContextLoaderDelegate from class [org.springframework.test.context.cache.DefaultCacheAwareContextLoaderDelegate]
22:17:19.639 [main] DEBUG org.springframework.test.context.BootstrapUtils - Instantiating BootstrapContext using constructor [public org.springframework.test.context.support.DefaultBootstrapContext(java.lang.Class,org.springframework.test.context.CacheAwareContextLoaderDelegate)]
22:17:19.640 [main] DEBUG org.springframework.test.context.BootstrapUtils - Instantiating TestContextBootstrapper for test class [edu.eci.arsw.msgbroker.WebsocketsMsbrokerExampleApplicationTests] from class [org.springframework.boot.test.context.SpringBootTestContextBootstrapper]
22:17:19.642 [main] INFO org.springframework.boot.test.context.SpringBootTestContextBootstrapper - Neither @ContextConfiguration nor @ContextHierarchy found for test class [edu.eci.arsw.msgbroker.WebsocketsMsbrokerExampleApplicationTests], using SpringBootContextLoader
22:17:19.644 [main] DEBUG org.springframework.test.context.support.AbstractContextLoader - Did not detect default resource location for test class [edu.eci.arsw.msgbroker.WebsocketsMsbrokerExampleApplicationTests]: class path resource [edu/eci/arsw/msgbroker/WebsocketsMsbrokerExampleApplicationTests-context.xml] does not exist
22:17:19.645 [main] DEBUG org.springframework.test.context.support.AbstractContextLoader - Did not detect default resource location for test class [edu.eci.arsw.msgbroker.WebsocketsMsbrokerExampleApplicationTests]: class path resource [edu/eci/arsw/msgbroker/WebsocketsMsbrokerExampleApplicationTestsContext.groovy] does not exist
22:17:19.645 [main] INFO org.springframework.test.context.support.AbstractContextLoader - Could not detect default resource locations for test class [edu.eci.arsw.msgbroker.WebsocketsMsbrokerExampleApplicationTests]: no resource found for suffixes {-context.xml, Context.groovy}.
22:17:19.646 [main] INFO org.springframework.test.context.support.AnnotationConfigContextLoaderUtils - Could not detect default configuration classes for test class [edu.eci.arsw.msgbroker.WebsocketsMsbrokerExampleApplicationTests]: WebsocketsMsbrokerExampleApplicationTests does not declare any static, non-private, non-final, nested classes annotated with @Configuration.
22:17:19.657 [main] DEBUG org.springframework.test.context.support.ActiveProfilesUtils - Could not find an 'annotation declaring class' for annotation type [org.springframework.test.context.ActiveProfiles] and class [edu.eci.arsw.msgbroker.WebsocketsMsbrokerExampleApplicationTests]
22:17:19.660 [main] DEBUG org.springframework.core.env.StandardEnvironment - Adding [systemProperties] PropertySource with lowest search precedence
22:17:19.660 [main] DEBUG org.springframework.core.env.StandardEnvironment - Adding [systemEnvironment] PropertySource with lowest search precedence
22:17:19.661 [main] DEBUG org.springframework.core.env.StandardEnvironment - Initialized StandardEnvironment with PropertySources [systemProperties,systemEnvironment]
22:17:19.662 [main] DEBUG org.springframework.core.io.support.PathMatchingResourcePatternResolver - Resolved classpath location [edu/eci/arsw/msgbroker/] to resources [URL [file:/C:/Users/jfmor/Desktop/semestre%207/ARSW/lab09/Lab09/target/test-classes/edu/eci/arsw/msgbroker/]]
22:17:19.662 [main] DEBUG org.springframework.core.io.support.PathMatchingResourcePatternResolver - Looking for matching resources in directory tree [C:\Users\jfmor\Desktop\semestre 7\ARSW\lab09\Lab09\target\test-classes\edu\eci\arsw\msgbroker]
22:17:19.664 [main] DEBUG org.springframework.core.io.support.PathMatchingResourcePatternResolver - Searching directory [C:\Users\jfmor\Desktop\semestre 7\ARSW\lab09\Lab09\target\test-classes\edu\eci\arsw\msgbroker] for files matching pattern [C:/Users/jfmor/Desktop/semestre 7/ARSW/lab09/Lab09/target/test-classes/edu/eci/arsw/msgbroker/*.class]
22:17:19.668 [main] DEBUG org.springframework.core.io.support.PathMatchingResourcePatternResolver - Resolved location pattern [classpath*:edu/eci/arsw/msgbroker/*.class] to resources [file [C:\Users\jfmor\Desktop\semestre 7\ARSW\lab09\Lab09\target\test-classes\edu\eci\arsw\msgbroker\WebsocketsMsbrokerExampleApplicationTests.class]]
22:17:19.672 [main] DEBUG org.springframework.core.io.support.PathMatchingResourcePatternResolver - Resolved classpath location [edu/eci/arsw/] to resources [URL [file:/C:/Users/jfmor/Desktop/semestre%207/ARSW/lab09/Lab09/target/test-classes/edu/eci/arsw/], URL [file:/C:/Users/jfmor/Desktop/semestre%207/ARSW/lab09/Lab09/target/classes/edu/eci/arsw/]]
22:17:19.672 [main] DEBUG org.springframework.core.io.support.PathMatchingResourcePatternResolver - Looking for matching resources in directory tree [C:\Users\jfmor\Desktop\semestre 7\ARSW\lab09\Lab09\target\test-classes\edu\eci\arsw]
22:17:19.673 [main] DEBUG org.springframework.core.io.support.PathMatchingResourcePatternResolver - Searching directory [C:\Users\jfmor\Desktop\semestre 7\ARSW\lab09\Lab09\target\test-classes\edu\eci\arsw] for files matching pattern [C:/Users/jfmor/Desktop/semestre 7/ARSW/lab09/Lab09/target/test-classes/edu/eci/arsw/*.class]
22:17:19.675 [main] DEBUG org.springframework.core.io.support.PathMatchingResourcePatternResolver - Looking for matching resources in directory tree [C:\Users\jfmor\Desktop\semestre 7\ARSW\lab09\Lab09\target\classes\edu\eci\arsw]
22:17:19.675 [main] DEBUG org.springframework.core.io.support.PathMatchingResourcePatternResolver - Searching directory [C:\Users\jfmor\Desktop\semestre 7\ARSW\lab09\Lab09\target\classes\edu\eci\arsw] for files matching pattern [C:/Users/jfmor/Desktop/semestre 7/ARSW/lab09/Lab09/target/classes/edu/eci/arsw/*.class]
22:17:19.677 [main] DEBUG org.springframework.core.io.support.PathMatchingResourcePatternResolver - Resolved location pattern [classpath*:edu/eci/arsw/*.class] to resources []
22:17:19.679 [main] DEBUG org.springframework.core.io.support.PathMatchingResourcePatternResolver - Resolved classpath location [edu/eci/] to resources [URL [file:/C:/Users/jfmor/Desktop/semestre%207/ARSW/lab09/Lab09/target/test-classes/edu/eci/], URL [file:/C:/Users/jfmor/Desktop/semestre%207/ARSW/lab09/Lab09/target/classes/edu/eci/]]
22:17:19.679 [main] DEBUG org.springframework.core.io.support.PathMatchingResourcePatternResolver - Looking for matching resources in directory tree [C:\Users\jfmor\Desktop\semestre 7\ARSW\lab09\Lab09\target\test-classes\edu\eci]
22:17:19.680 [main] DEBUG org.springframework.core.io.support.PathMatchingResourcePatternResolver - Searching directory [C:\Users\jfmor\Desktop\semestre 7\ARSW\lab09\Lab09\target\test-classes\edu\eci] for files matching pattern [C:/Users/jfmor/Desktop/semestre 7/ARSW/lab09/Lab09/target/test-classes/edu/eci/*.class]
22:17:19.681 [main] DEBUG org.springframework.core.io.support.PathMatchingResourcePatternResolver - Looking for matching resources in directory tree [C:\Users\jfmor\Desktop\semestre 7\ARSW\lab09\Lab09\target\classes\edu\eci]
22:17:19.682 [main] DEBUG org.springframework.core.io.support.PathMatchingResourcePatternResolver - Searching directory [C:\Users\jfmor\Desktop\semestre 7\ARSW\lab09\Lab09\target\classes\edu\eci] for files matching pattern [C:/Users/jfmor/Desktop/semestre 7/ARSW/lab09/Lab09/target/classes/edu/eci/*.class]
22:17:19.684 [main] DEBUG org.springframework.core.io.support.PathMatchingResourcePatternResolver - Resolved location pattern [classpath*:edu/eci/*.class] to resources []
22:17:19.685 [main] DEBUG org.springframework.core.io.support.PathMatchingResourcePatternResolver - Resolved classpath location [edu/] to resources [URL [file:/C:/Users/jfmor/Desktop/semestre%207/ARSW/lab09/Lab09/target/test-classes/edu/], URL [file:/C:/Users/jfmor/Desktop/semestre%207/ARSW/lab09/Lab09/target/classes/edu/]]
22:17:19.686 [main] DEBUG org.springframework.core.io.support.PathMatchingResourcePatternResolver - Looking for matching resources in directory tree [C:\Users\jfmor\Desktop\semestre 7\ARSW\lab09\Lab09\target\test-classes\edu]
22:17:19.688 [main] DEBUG org.springframework.core.io.support.PathMatchingResourcePatternResolver - Searching directory [C:\Users\jfmor\Desktop\semestre 7\ARSW\lab09\Lab09\target\test-classes\edu] for files matching pattern [C:/Users/jfmor/Desktop/semestre 7/ARSW/lab09/Lab09/target/test-classes/edu/*.class]
22:17:19.689 [main] DEBUG org.springframework.core.io.support.PathMatchingResourcePatternResolver - Looking for matching resources in directory tree [C:\Users\jfmor\Desktop\semestre 7\ARSW\lab09\Lab09\target\classes\edu]
22:17:19.694 [main] DEBUG org.springframework.core.io.support.PathMatchingResourcePatternResolver - Searching directory [C:\Users\jfmor\Desktop\semestre 7\ARSW\lab09\Lab09\target\classes\edu] for files matching pattern [C:/Users/jfmor/Desktop/semestre 7/ARSW/lab09/Lab09/target/classes/edu/*.class]
22:17:19.696 [main] DEBUG org.springframework.core.io.support.PathMatchingResourcePatternResolver - Resolved location pattern [classpath*:edu/*.class] to resources []
]]></system-out>
  </testcase>
</testsuite>